{"E:\\New folder (3)\\index.js":{"path":"E:\\New folder (3)\\index.js","s":{"1":1,"2":1,"3":1,"4":1,"5":1,"6":1,"7":1,"8":1,"9":1,"10":1,"11":1,"12":1,"13":1,"14":1,"15":1,"16":1,"17":0,"18":0,"19":1},"b":{"1":[0,1],"2":[0,1],"3":[0,1]},"f":{"1":1,"2":1},"fnMap":{"1":{"name":"main","line":8,"loc":{"start":{"line":8,"column":26},"end":{"line":8,"column":49}}},"2":{"name":"(anonymous_2)","line":22,"loc":{"start":{"line":22,"column":70},"end":{"line":24,"column":4}}}},"statementMap":{"1":{"start":{"line":1,"column":0},"end":{"line":1,"column":26}},"2":{"start":{"line":2,"column":0},"end":{"line":2,"column":31}},"3":{"start":{"line":3,"column":0},"end":{"line":3,"column":25}},"4":{"start":{"line":4,"column":0},"end":{"line":4,"column":24}},"5":{"start":{"line":6,"column":0},"end":{"line":6,"column":32}},"6":{"start":{"line":8,"column":0},"end":{"line":31,"column":1}},"7":{"start":{"line":10,"column":2},"end":{"line":10,"column":72}},"8":{"start":{"line":12,"column":2},"end":{"line":12,"column":44}},"9":{"start":{"line":13,"column":2},"end":{"line":13,"column":43}},"10":{"start":{"line":14,"column":2},"end":{"line":14,"column":68}},"11":{"start":{"line":15,"column":2},"end":{"line":15,"column":70}},"12":{"start":{"line":17,"column":2},"end":{"line":17,"column":74}},"13":{"start":{"line":19,"column":2},"end":{"line":19,"column":46}},"14":{"start":{"line":21,"column":2},"end":{"line":21,"column":60}},"15":{"start":{"line":22,"column":2},"end":{"line":30,"column":5}},"16":{"start":{"line":25,"column":6},"end":{"line":28,"column":7}},"17":{"start":{"line":26,"column":10},"end":{"line":26,"column":35}},"18":{"start":{"line":27,"column":10},"end":{"line":27,"column":17}},"19":{"start":{"line":29,"column":4},"end":{"line":29,"column":38}}},"branchMap":{"1":{"line":14,"type":"cond-expr","locations":[{"start":{"line":14,"column":33},"end":{"line":14,"column":61}},{"start":{"line":14,"column":64},"end":{"line":14,"column":67}}]},"2":{"line":15,"type":"cond-expr","locations":[{"start":{"line":15,"column":34},"end":{"line":15,"column":63}},{"start":{"line":15,"column":66},"end":{"line":15,"column":69}}]},"3":{"line":25,"type":"if","locations":[{"start":{"line":25,"column":6},"end":{"line":25,"column":6}},{"start":{"line":25,"column":6},"end":{"line":25,"column":6}}]}}}}